{
  "name": "Runs Cucumber Feature",
  "status": "broken",
  "statusDetails": {
    "known": false,
    "muted": false,
    "flaky": false,
    "message": "cucumber.runtime.AmbiguousStepDefinitionsException: ✽.Then I want to Merge the Full Body of Generic Add Payment Body(GenericBookingFlow.feature:88) matches more than one step definition:\n  I want to Merge the Full Body in AddPaymentSteps6.iWantToMergeTheFullBody()\n  I want to Merge the Full Body of Generic Add Payment Body in GenericAddPaymentSteps7.iWantToMergeTheFullBodyOfGenericAddPaymentBody()\n",
    "trace": "cucumber.runtime.CucumberException: cucumber.runtime.AmbiguousStepDefinitionsException: ✽.Then I want to Merge the Full Body of Generic Add Payment Body(GenericBookingFlow.feature:88) matches more than one step definition:\n  I want to Merge the Full Body in AddPaymentSteps6.iWantToMergeTheFullBody()\n  I want to Merge the Full Body of Generic Add Payment Body in GenericAddPaymentSteps7.iWantToMergeTheFullBodyOfGenericAddPaymentBody()\n\r\n\tat cucumber.api.testng.TestNGCucumberRunner.runCucumber(TestNGCucumberRunner.java:69)\r\n\tat cucumber.api.testng.AbstractTestNGCucumberTests.feature(AbstractTestNGCucumberTests.java:21)\r\n\tat sun.reflect.NativeMethodAccessorImpl.invoke0(Native Method)\r\n\tat sun.reflect.NativeMethodAccessorImpl.invoke(NativeMethodAccessorImpl.java:62)\r\n\tat sun.reflect.DelegatingMethodAccessorImpl.invoke(DelegatingMethodAccessorImpl.java:43)\r\n\tat java.lang.reflect.Method.invoke(Method.java:498)\r\n\tat org.testng.internal.MethodInvocationHelper.invokeMethod(MethodInvocationHelper.java:86)\r\n\tat org.testng.internal.Invoker.invokeMethod(Invoker.java:643)\r\n\tat org.testng.internal.Invoker.invokeTestMethod(Invoker.java:820)\r\n\tat org.testng.internal.Invoker.invokeTestMethods(Invoker.java:1128)\r\n\tat org.testng.internal.TestMethodWorker.invokeTestMethods(TestMethodWorker.java:129)\r\n\tat org.testng.internal.TestMethodWorker.run(TestMethodWorker.java:112)\r\n\tat org.testng.TestRunner.privateRun(TestRunner.java:782)\r\n\tat org.testng.TestRunner.run(TestRunner.java:632)\r\n\tat org.testng.SuiteRunner.runTest(SuiteRunner.java:366)\r\n\tat org.testng.SuiteRunner.runSequentially(SuiteRunner.java:361)\r\n\tat org.testng.SuiteRunner.privateRun(SuiteRunner.java:319)\r\n\tat org.testng.SuiteRunner.run(SuiteRunner.java:268)\r\n\tat org.testng.SuiteRunnerWorker.runSuite(SuiteRunnerWorker.java:52)\r\n\tat org.testng.SuiteRunnerWorker.run(SuiteRunnerWorker.java:86)\r\n\tat org.testng.TestNG.runSuitesSequentially(TestNG.java:1244)\r\n\tat org.testng.TestNG.runSuitesLocally(TestNG.java:1169)\r\n\tat org.testng.TestNG.run(TestNG.java:1064)\r\n\tat com.intellij.rt.testng.IDEARemoteTestNG.run(IDEARemoteTestNG.java:66)\r\n\tat com.intellij.rt.testng.RemoteTestNGStarter.main(RemoteTestNGStarter.java:109)\r\nCaused by: cucumber.runtime.AmbiguousStepDefinitionsException: ✽.Then I want to Merge the Full Body of Generic Add Payment Body(GenericBookingFlow.feature:88) matches more than one step definition:\n  I want to Merge the Full Body in AddPaymentSteps6.iWantToMergeTheFullBody()\n  I want to Merge the Full Body of Generic Add Payment Body in GenericAddPaymentSteps7.iWantToMergeTheFullBodyOfGenericAddPaymentBody()\n\r\n\tat cucumber.runtime.RuntimeGlue.stepDefinitionMatch(RuntimeGlue.java:71)\r\n\tat cucumber.runtime.Runtime.runStep(Runtime.java:267)\r\n\tat cucumber.runtime.model.StepContainer.runStep(StepContainer.java:44)\r\n\tat cucumber.runtime.model.StepContainer.runSteps(StepContainer.java:39)\r\n\tat cucumber.runtime.model.CucumberScenario.run(CucumberScenario.java:44)\r\n\tat cucumber.runtime.model.CucumberScenarioOutline.run(CucumberScenarioOutline.java:46)\r\n\tat cucumber.runtime.model.CucumberFeature.run(CucumberFeature.java:165)\r\n\tat cucumber.api.testng.TestNGCucumberRunner.runCucumber(TestNGCucumberRunner.java:63)\r\n\t... 24 more\r\n"
  },
  "stage": "finished",
  "steps": [],
  "attachments": [],
  "parameters": [
    {
      "name": "arg0",
      "value": "Verify the V2 Generic Flow"
    }
  ],
  "start": 1632409005080,
  "stop": 1632409080506,
  "uuid": "880a93ff-3730-42ed-9a37-904df84fccdd",
  "historyId": "3998a4e62f031ede93e78c41ad1c25eb",
  "fullName": "cucumber.api.testng.AbstractTestNGCucumberTests.feature",
  "labels": [
    {
      "name": "package",
      "value": "Runner.RunCuke"
    },
    {
      "name": "testClass",
      "value": "Runner.RunCuke"
    },
    {
      "name": "testMethod",
      "value": "feature"
    },
    {
      "name": "parentSuite",
      "value": "All Test Suite"
    },
    {
      "name": "suite",
      "value": "E:/LearningMe/CT_STG_FE_V2_Flow"
    },
    {
      "name": "subSuite",
      "value": "Runner.RunCuke"
    },
    {
      "name": "host",
      "value": "DESKTOP-QEOREBU"
    },
    {
      "name": "thread",
      "value": "1148@DESKTOP-QEOREBU.main(1)"
    },
    {
      "name": "framework",
      "value": "testng"
    },
    {
      "name": "language",
      "value": "java"
    }
  ],
  "links": []
}