{"name":"setUpClass","status":"broken","statusDetails":{"known":false,"muted":false,"flaky":false,"message":"java.util.regex.PatternSyntaxException: Illegal repetition near index 122\r\nI want to send the Generic Capture Payment Request where Card Type as \"([^\"]*)\" and Currency as \"([^\"]*)\" Batch Receipt as {string} Brand as \"([^\"]*)\"\r\n                                                                                                                          ^","trace":"cucumber.runtime.CucumberException: java.util.regex.PatternSyntaxException: Illegal repetition near index 122\r\nI want to send the Generic Capture Payment Request where Card Type as \"([^\"]*)\" and Currency as \"([^\"]*)\" Batch Receipt as {string} Brand as \"([^\"]*)\"\r\n                                                                                                                          ^\r\n\tat cucumber.runtime.java.JavaBackend.addStepDefinition(JavaBackend.java:156)\r\n\tat cucumber.runtime.java.MethodScanner.scan(MethodScanner.java:68)\r\n\tat cucumber.runtime.java.MethodScanner.scan(MethodScanner.java:41)\r\n\tat cucumber.runtime.java.JavaBackend.loadGlue(JavaBackend.java:86)\r\n\tat cucumber.runtime.Runtime.<init>(Runtime.java:92)\r\n\tat cucumber.runtime.Runtime.<init>(Runtime.java:70)\r\n\tat cucumber.runtime.Runtime.<init>(Runtime.java:66)\r\n\tat cucumber.api.testng.TestNGCucumberRunner.<init>(TestNGCucumberRunner.java:42)\r\n\tat cucumber.api.testng.AbstractTestNGCucumberTests.setUpClass(AbstractTestNGCucumberTests.java:16)\r\n\tat sun.reflect.NativeMethodAccessorImpl.invoke0(Native Method)\r\n\tat sun.reflect.NativeMethodAccessorImpl.invoke(NativeMethodAccessorImpl.java:62)\r\n\tat sun.reflect.DelegatingMethodAccessorImpl.invoke(DelegatingMethodAccessorImpl.java:43)\r\n\tat java.lang.reflect.Method.invoke(Method.java:498)\r\n\tat org.testng.internal.MethodInvocationHelper.invokeMethod(MethodInvocationHelper.java:86)\r\n\tat org.testng.internal.Invoker.invokeConfigurationMethod(Invoker.java:514)\r\n\tat org.testng.internal.Invoker.invokeConfigurations(Invoker.java:215)\r\n\tat org.testng.internal.Invoker.invokeConfigurations(Invoker.java:142)\r\n\tat org.testng.internal.TestMethodWorker.invokeBeforeClassMethods(TestMethodWorker.java:178)\r\n\tat org.testng.internal.TestMethodWorker.run(TestMethodWorker.java:108)\r\n\tat org.testng.TestRunner.privateRun(TestRunner.java:782)\r\n\tat org.testng.TestRunner.run(TestRunner.java:632)\r\n\tat org.testng.SuiteRunner.runTest(SuiteRunner.java:366)\r\n\tat org.testng.SuiteRunner.runSequentially(SuiteRunner.java:361)\r\n\tat org.testng.SuiteRunner.privateRun(SuiteRunner.java:319)\r\n\tat org.testng.SuiteRunner.run(SuiteRunner.java:268)\r\n\tat org.testng.SuiteRunnerWorker.runSuite(SuiteRunnerWorker.java:52)\r\n\tat org.testng.SuiteRunnerWorker.run(SuiteRunnerWorker.java:86)\r\n\tat org.testng.TestNG.runSuitesSequentially(TestNG.java:1244)\r\n\tat org.testng.TestNG.runSuitesLocally(TestNG.java:1169)\r\n\tat org.testng.TestNG.run(TestNG.java:1064)\r\n\tat com.intellij.rt.testng.IDEARemoteTestNG.run(IDEARemoteTestNG.java:66)\r\n\tat com.intellij.rt.testng.RemoteTestNGStarter.main(RemoteTestNGStarter.java:109)\r\nCaused by: java.util.regex.PatternSyntaxException: Illegal repetition near index 122\r\nI want to send the Generic Capture Payment Request where Card Type as \"([^\"]*)\" and Currency as \"([^\"]*)\" Batch Receipt as {string} Brand as \"([^\"]*)\"\r\n                                                                                                                          ^\r\n\tat java.util.regex.Pattern.error(Pattern.java:1969)\r\n\tat java.util.regex.Pattern.closure(Pattern.java:3171)\r\n\tat java.util.regex.Pattern.sequence(Pattern.java:2148)\r\n\tat java.util.regex.Pattern.expr(Pattern.java:2010)\r\n\tat java.util.regex.Pattern.compile(Pattern.java:1702)\r\n\tat java.util.regex.Pattern.<init>(Pattern.java:1352)\r\n\tat java.util.regex.Pattern.compile(Pattern.java:1028)\r\n\tat cucumber.runtime.java.JavaBackend.pattern(JavaBackend.java:203)\r\n\tat cucumber.runtime.java.JavaBackend.addStepDefinition(JavaBackend.java:151)\r\n\t... 31 more\r\n"},"stage":"finished","steps":[],"attachments":[],"parameters":[],"start":1629569436969,"stop":1629569436971,"uuid":"919d0bab-dfbb-413a-b2ab-578bb86b6677","historyId":"feeb49737766f90e4691140e00a58b09","fullName":"cucumber.api.testng.AbstractTestNGCucumberTests.setUpClass","labels":[{"name":"package","value":"Runner.RunCuke"},{"name":"testClass","value":"Runner.RunCuke"},{"name":"testMethod","value":"setUpClass"},{"name":"parentSuite","value":"All Test Suite"},{"name":"suite","value":"E:/LearningMe/CT_STG_FE_V2_Flow"},{"name":"subSuite","value":"Runner.RunCuke"},{"name":"host","value":"DESKTOP-JT8GQPF"},{"name":"thread","value":"12564@DESKTOP-JT8GQPF.main(1)"},{"name":"framework","value":"testng"},{"name":"language","value":"java"}],"links":[]}