{
  "name": "Runs Cucumber Feature",
  "status": "broken",
  "statusDetails": {
    "known": false,
    "muted": false,
    "flaky": false,
    "message": "java.io.FileNotFoundException: C:\\Users\\Lasan\\Desktop\\Viator_CNX_Policy\\Book1.Book1.xlsx (The system cannot find the file specified)",
    "trace": "cucumber.runtime.CucumberException: java.io.FileNotFoundException: C:\\Users\\Lasan\\Desktop\\Viator_CNX_Policy\\Book1.Book1.xlsx (The system cannot find the file specified)\r\n\tat cucumber.api.testng.TestNGCucumberRunner.runCucumber(TestNGCucumberRunner.java:69)\r\n\tat cucumber.api.testng.AbstractTestNGCucumberTests.feature(AbstractTestNGCucumberTests.java:21)\r\n\tat sun.reflect.NativeMethodAccessorImpl.invoke0(Native Method)\r\n\tat sun.reflect.NativeMethodAccessorImpl.invoke(NativeMethodAccessorImpl.java:62)\r\n\tat sun.reflect.DelegatingMethodAccessorImpl.invoke(DelegatingMethodAccessorImpl.java:43)\r\n\tat java.lang.reflect.Method.invoke(Method.java:498)\r\n\tat org.testng.internal.MethodInvocationHelper.invokeMethod(MethodInvocationHelper.java:86)\r\n\tat org.testng.internal.Invoker.invokeMethod(Invoker.java:643)\r\n\tat org.testng.internal.Invoker.invokeTestMethod(Invoker.java:820)\r\n\tat org.testng.internal.Invoker.invokeTestMethods(Invoker.java:1128)\r\n\tat org.testng.internal.TestMethodWorker.invokeTestMethods(TestMethodWorker.java:129)\r\n\tat org.testng.internal.TestMethodWorker.run(TestMethodWorker.java:112)\r\n\tat org.testng.TestRunner.privateRun(TestRunner.java:782)\r\n\tat org.testng.TestRunner.run(TestRunner.java:632)\r\n\tat org.testng.SuiteRunner.runTest(SuiteRunner.java:366)\r\n\tat org.testng.SuiteRunner.runSequentially(SuiteRunner.java:361)\r\n\tat org.testng.SuiteRunner.privateRun(SuiteRunner.java:319)\r\n\tat org.testng.SuiteRunner.run(SuiteRunner.java:268)\r\n\tat org.testng.SuiteRunnerWorker.runSuite(SuiteRunnerWorker.java:52)\r\n\tat org.testng.SuiteRunnerWorker.run(SuiteRunnerWorker.java:86)\r\n\tat org.testng.TestNG.runSuitesSequentially(TestNG.java:1244)\r\n\tat org.testng.TestNG.runSuitesLocally(TestNG.java:1169)\r\n\tat org.testng.TestNG.run(TestNG.java:1064)\r\n\tat com.intellij.rt.testng.IDEARemoteTestNG.run(IDEARemoteTestNG.java:66)\r\n\tat com.intellij.rt.testng.RemoteTestNGStarter.main(RemoteTestNGStarter.java:109)\r\nCaused by: java.io.FileNotFoundException: C:\\Users\\Lasan\\Desktop\\Viator_CNX_Policy\\Book1.Book1.xlsx (The system cannot find the file specified)\r\n\tat java.io.FileInputStream.open0(Native Method)\r\n\tat java.io.FileInputStream.open(FileInputStream.java:195)\r\n\tat java.io.FileInputStream.<init>(FileInputStream.java:138)\r\n\tat actions.HotelCalendar.HotelCalendarActions.genViatorExcelBody(HotelCalendarActions.java:219)\r\n\tat steps.HotelCalendar.HotelCalendarSteps.iClickCreateUserProductCodeAs(HotelCalendarSteps.java:70)\r\n\tat âœ½.When I click create user productCode as \"5\"(HotelCalendar.feature:39)\r\n"
  },
  "stage": "finished",
  "steps": [],
  "attachments": [],
  "parameters": [
    {
      "name": "arg0",
      "value": "Verify the Hotel Pricing Calendar Details"
    }
  ],
  "start": 1633109210929,
  "stop": 1633109212098,
  "uuid": "b3d8e9aa-f7db-43c4-bad5-38a9837e2694",
  "historyId": "3df4edf8c855d36ac0e71c160fd3956f",
  "fullName": "cucumber.api.testng.AbstractTestNGCucumberTests.feature",
  "labels": [
    {
      "name": "package",
      "value": "Runner.RunCuke"
    },
    {
      "name": "testClass",
      "value": "Runner.RunCuke"
    },
    {
      "name": "testMethod",
      "value": "feature"
    },
    {
      "name": "parentSuite",
      "value": "All Test Suite"
    },
    {
      "name": "suite",
      "value": "E:/LearningMe/CT_STG_FE_V2_Flow"
    },
    {
      "name": "subSuite",
      "value": "Runner.RunCuke"
    },
    {
      "name": "host",
      "value": "DESKTOP-QEOREBU"
    },
    {
      "name": "thread",
      "value": "5360@DESKTOP-QEOREBU.main(1)"
    },
    {
      "name": "framework",
      "value": "testng"
    },
    {
      "name": "language",
      "value": "java"
    }
  ],
  "links": []
}